{"/home/nightkirie/Code/git/Fire-Sensor-Alarm-System/Client/src/components/index.tsx": {"path":"/home/nightkirie/Code/git/Fire-Sensor-Alarm-System/Client/src/components/index.tsx","statementMap":{"0":{"start":{"line":1,"column":0},"end":{"line":1,"column":26}},"1":{"start":{"line":2,"column":0},"end":{"line":2,"column":31}}},"fnMap":{},"branchMap":{},"s":{"0":1,"1":1},"f":{},"b":{}}
,"/home/nightkirie/Code/git/Fire-Sensor-Alarm-System/Client/src/components/Instructions/index.tsx": {"path":"/home/nightkirie/Code/git/Fire-Sensor-Alarm-System/Client/src/components/Instructions/index.tsx","statementMap":{"0":{"start":{"line":1,"column":0},"end":{"line":1,"column":31}},"1":{"start":{"line":2,"column":0},"end":{"line":2,"column":48}},"2":{"start":{"line":4,"column":15},"end":{"line":15,"column":2}},"3":{"start":{"line":21,"column":13},"end":{"line":29,"column":2}},"4":{"start":{"line":22,"column":2},"end":{"line":27,"column":null}}},"fnMap":{"0":{"name":"(anonymous_1)","decl":{"start":{"line":21,"column":28},"end":{"line":21,"column":29}},"loc":{"start":{"line":22,"column":2},"end":{"line":27,"column":null}}}},"branchMap":{},"s":{"0":2,"1":2,"2":2,"3":2,"4":2},"f":{"0":2},"b":{}}
,"/home/nightkirie/Code/git/Fire-Sensor-Alarm-System/Client/src/components/Welcome/index.tsx": {"path":"/home/nightkirie/Code/git/Fire-Sensor-Alarm-System/Client/src/components/Welcome/index.tsx","statementMap":{"0":{"start":{"line":1,"column":0},"end":{"line":1,"column":31}},"1":{"start":{"line":2,"column":0},"end":{"line":2,"column":62}},"2":{"start":{"line":4,"column":15},"end":{"line":20,"column":2}},"3":{"start":{"line":33,"column":4},"end":{"line":33,"column":17}},"4":{"start":{"line":69,"column":10},"end":{"line":70,"column":71}},"5":{"start":{"line":70,"column":4},"end":{"line":70,"column":70}},"6":{"start":{"line":72,"column":10},"end":{"line":76,"column":7}},"7":{"start":{"line":73,"column":4},"end":{"line":76,"column":6}},"8":{"start":{"line":78,"column":10},"end":{"line":79,"column":34}},"9":{"start":{"line":79,"column":4},"end":{"line":79,"column":33}},"10":{"start":{"line":34,"column":4},"end":{"line":36,"column":6}},"11":{"start":{"line":40,"column":4},"end":{"line":66,"column":6}},"12":{"start":{"line":31,"column":0},"end":{"line":31,"column":13}}},"fnMap":{"0":{"name":"(anonymous_1)","decl":{"start":{"line":32,"column":2},"end":{"line":32,"column":14}},"loc":{"start":{"line":32,"column":26},"end":{"line":37,"column":3}}},"1":{"name":"(anonymous_2)","decl":{"start":{"line":69,"column":24},"end":{"line":69,"column":27}},"loc":{"start":{"line":70,"column":4},"end":{"line":70,"column":70}}},"2":{"name":"(anonymous_3)","decl":{"start":{"line":72,"column":24},"end":{"line":72,"column":27}},"loc":{"start":{"line":73,"column":4},"end":{"line":76,"column":6}}},"3":{"name":"(anonymous_4)","decl":{"start":{"line":78,"column":32},"end":{"line":78,"column":33}},"loc":{"start":{"line":79,"column":4},"end":{"line":79,"column":33}}},"4":{"name":"(anonymous_5)","decl":{"start":{"line":39,"column":9},"end":{"line":39,"column":15}},"loc":{"start":{"line":39,"column":15},"end":{"line":67,"column":3}}}},"branchMap":{"0":{"loc":{"start":{"line":75,"column":45},"end":{"line":75,"column":75}},"type":"cond-expr","locations":[{"start":{"line":75,"column":45},"end":{"line":75,"column":75}},{"start":{"line":75,"column":78},"end":{"line":75,"column":79}}]},"1":{"loc":{"start":{"line":35,"column":23},"end":{"line":35,"column":44}},"type":"binary-expr","locations":[{"start":{"line":35,"column":23},"end":{"line":35,"column":44}},{"start":{"line":35,"column":48},"end":{"line":35,"column":49}}]}},"s":{"0":2,"1":2,"2":2,"3":5,"4":5,"5":2,"6":5,"7":3,"8":5,"9":10,"10":5,"11":10,"12":2},"f":{"0":5,"1":2,"2":3,"3":10,"4":10},"b":{"0":[2,1],"1":[5,1]}}
,"/home/nightkirie/Code/git/Fire-Sensor-Alarm-System/Client/src/screens/App/index.tsx": {"path":"/home/nightkirie/Code/git/Fire-Sensor-Alarm-System/Client/src/screens/App/index.tsx","statementMap":{"0":{"start":{"line":1,"column":0},"end":{"line":1,"column":31}},"1":{"start":{"line":2,"column":0},"end":{"line":2,"column":66}},"2":{"start":{"line":3,"column":0},"end":{"line":3,"column":57}},"3":{"start":{"line":5,"column":15},"end":{"line":12,"column":2}},"4":{"start":{"line":14,"column":13},"end":{"line":27,"column":2}},"5":{"start":{"line":15,"column":23},"end":{"line":19,"column":4}},"6":{"start":{"line":21,"column":2},"end":{"line":26,"column":4}}},"fnMap":{"0":{"name":"(anonymous_1)","decl":{"start":{"line":14,"column":19},"end":{"line":14,"column":22}},"loc":{"start":{"line":14,"column":24},"end":{"line":27,"column":1}}}},"branchMap":{},"s":{"0":1,"1":1,"2":1,"3":1,"4":1,"5":1,"6":1},"f":{"0":1},"b":{}}
}
