TN:
SF:/home/nightkirie/Code/git/Fire-Sensor-Alarm-System/Client/src/components/index.tsx
FNF:0
FNH:0
DA:1,1
DA:2,1
LF:2
LH:2
BRF:0
BRH:0
end_of_record
TN:
SF:/home/nightkirie/Code/git/Fire-Sensor-Alarm-System/Client/src/components/Instructions/index.tsx
FN:21,(anonymous_1)
FNF:1
FNH:1
FNDA:2,(anonymous_1)
DA:1,2
DA:2,2
DA:4,2
DA:21,2
DA:22,2
LF:5
LH:5
BRF:0
BRH:0
end_of_record
TN:
SF:/home/nightkirie/Code/git/Fire-Sensor-Alarm-System/Client/src/components/Welcome/index.tsx
FN:32,(anonymous_1)
FN:69,(anonymous_2)
FN:72,(anonymous_3)
FN:78,(anonymous_4)
FN:39,(anonymous_5)
FNF:5
FNH:5
FNDA:5,(anonymous_1)
FNDA:2,(anonymous_2)
FNDA:3,(anonymous_3)
FNDA:10,(anonymous_4)
FNDA:10,(anonymous_5)
DA:1,2
DA:2,2
DA:4,2
DA:31,2
DA:33,5
DA:34,5
DA:40,10
DA:69,5
DA:70,2
DA:72,5
DA:73,3
DA:78,5
DA:79,10
LF:13
LH:13
BRDA:75,0,0,2
BRDA:75,0,1,1
BRDA:35,1,0,5
BRDA:35,1,1,1
BRF:4
BRH:4
end_of_record
TN:
SF:/home/nightkirie/Code/git/Fire-Sensor-Alarm-System/Client/src/screens/App/index.tsx
FN:14,(anonymous_1)
FNF:1
FNH:1
FNDA:1,(anonymous_1)
DA:1,1
DA:2,1
DA:3,1
DA:5,1
DA:14,1
DA:15,1
DA:21,1
LF:7
LH:7
BRF:0
BRH:0
end_of_record
